<?xml version="1.0" encoding="UTF-8"?>
<!-- Generated by org.testng.reporters.JUnitXMLReporter -->
<testsuite ignored="0" hostname="Zainaya" failures="0" tests="5" name="Default test" time="19.516" errors="0" timestamp="2025-12-29T17:13:53 EST">
  <testcase classname="testCases.TC02_Login" name="testLogin" time="2.821"/>
  <testcase classname="testCases.TC02_Login" name="testLogin" time="2.314"/>
  <testcase classname="testCases.TC02_Login" name="testLogin" time="2.326"/>
  <testcase classname="testCases.TC02_Login" name="testLogin" time="1.91"/>
  <testcase classname="testCases.TC02_Login" name="testLogin" time="2.344"/>
</testsuite> <!-- Default test -->
