<?xml version="1.0" encoding="UTF-8"?>
<!-- Generated by org.testng.reporters.JUnitXMLReporter -->
<testsuite ignored="0" hostname="Zainaya" failures="0" tests="10" name="Test" time="63.29" errors="0" timestamp="2025-12-29T17:47:15 EST">
  <testcase classname="testCases.TC01_LaunchApplication" name="testLaunchApplication" time="0.15"/>
  <testcase classname="testCases.TC03_AddToCart" name="testAddToCart" time="4.674"/>
  <testcase classname="testCases.TC05_AddToWishList" name="testAddToWishList" time="5.469"/>
  <testcase classname="testCases.TC06_AddAffiliate" name="testAddAffiliate" time="6.721"/>
  <testcase classname="testCases.TC02_Login" name="testLogin" time="2.749"/>
  <testcase classname="testCases.TC02_Login" name="testLogin" time="2.297"/>
  <testcase classname="testCases.TC02_Login" name="testLogin" time="2.112"/>
  <testcase classname="testCases.TC02_Login" name="testLogin" time="2.001"/>
  <testcase classname="testCases.TC02_Login" name="testLogin" time="2.408"/>
  <testcase classname="testCases.TC04_CompletePurchase" name="testCompletePurchase" time="10.06"/>
</testsuite> <!-- Test -->
