<?xml version="1.0" encoding="UTF-8"?>
<!-- Generated by org.testng.reporters.JUnitReportReporter -->
<testsuite hostname="Zainaya" failures="0" tests="3" name="testCases.TC03_AddToCart" time="19.807" errors="0" timestamp="2026-01-02T16:52:32 EST" skipped="0">
  <testcase classname="testCases.TC03_AddToCart" name="testAddToCart" time="7.491"/>
  <testcase classname="testCases.TC03_AddToCart" name="testAddToCart" time="4.700"/>
  <testcase classname="testCases.TC03_AddToCart" name="testAddToCart" time="7.616"/>
</testsuite> <!-- testCases.TC03_AddToCart -->
