<?xml version="1.0" encoding="UTF-8"?>
<!-- Generated by org.testng.reporters.JUnitReportReporter -->
<testsuite hostname="Zainaya" failures="0" tests="15" name="testCases.TC02_Login" time="34.557" errors="0" timestamp="2026-01-02T16:52:32 EST" skipped="0">
  <testcase classname="testCases.TC02_Login" name="testLogin" time="3.068"/>
  <testcase classname="testCases.TC02_Login" name="testLogin" time="2.234"/>
  <testcase classname="testCases.TC02_Login" name="testLogin" time="2.609"/>
  <testcase classname="testCases.TC02_Login" name="testLogin" time="1.575"/>
  <testcase classname="testCases.TC02_Login" name="testLogin" time="2.275"/>
  <testcase classname="testCases.TC02_Login" name="testLogin" time="2.104"/>
  <testcase classname="testCases.TC02_Login" name="testLogin" time="2.696"/>
  <testcase classname="testCases.TC02_Login" name="testLogin" time="2.323"/>
  <testcase classname="testCases.TC02_Login" name="testLogin" time="3.944"/>
  <testcase classname="testCases.TC02_Login" name="testLogin" time="1.576"/>
  <testcase classname="testCases.TC02_Login" name="testLogin" time="2.518"/>
  <testcase classname="testCases.TC02_Login" name="testLogin" time="1.953"/>
  <testcase classname="testCases.TC02_Login" name="testLogin" time="1.371"/>
  <testcase classname="testCases.TC02_Login" name="testLogin" time="2.554"/>
  <testcase classname="testCases.TC02_Login" name="testLogin" time="1.757"/>
</testsuite> <!-- testCases.TC02_Login -->
