<?xml version="1.0" encoding="UTF-8"?>
<!-- Generated by org.testng.reporters.JUnitReportReporter -->
<testsuite hostname="Zainaya" failures="0" tests="3" name="testCases.TC04_CompletePurchase" time="30.674" errors="0" timestamp="2026-01-02T16:52:32 EST" skipped="0">
  <testcase classname="testCases.TC04_CompletePurchase" name="testCompletePurchase" time="10.652"/>
  <testcase classname="testCases.TC04_CompletePurchase" name="testCompletePurchase" time="12.067"/>
  <testcase classname="testCases.TC04_CompletePurchase" name="testCompletePurchase" time="7.955"/>
</testsuite> <!-- testCases.TC04_CompletePurchase -->
