<?xml version="1.0" encoding="UTF-8"?>
<!-- Generated by org.testng.reporters.JUnitReportReporter -->
<testsuite hostname="Zainaya" failures="0" tests="3" name="testCases.TC06_AddAffiliate" time="17.690" errors="0" timestamp="2026-01-02T16:52:32 EST" skipped="0">
  <testcase classname="testCases.TC06_AddAffiliate" name="testAddAffiliate" time="6.850"/>
  <testcase classname="testCases.TC06_AddAffiliate" name="testAddAffiliate" time="6.438"/>
  <testcase classname="testCases.TC06_AddAffiliate" name="testAddAffiliate" time="4.402"/>
</testsuite> <!-- testCases.TC06_AddAffiliate -->
