<?xml version="1.0" encoding="UTF-8"?>
<!-- Generated by org.testng.reporters.JUnitReportReporter -->
<testsuite hostname="Zainaya" failures="0" tests="3" name="testCases.TC01_LaunchApplication" time="0.869" errors="0" timestamp="2026-01-02T16:52:32 EST" skipped="0">
  <testcase classname="testCases.TC01_LaunchApplication" name="testLaunchApplication" time="0.396"/>
  <testcase classname="testCases.TC01_LaunchApplication" name="testLaunchApplication" time="0.398"/>
  <testcase classname="testCases.TC01_LaunchApplication" name="testLaunchApplication" time="0.075"/>
</testsuite> <!-- testCases.TC01_LaunchApplication -->
