<?xml version="1.0" encoding="UTF-8"?>
<!-- Generated by org.testng.reporters.JUnitReportReporter -->
<testsuite hostname="Zainaya" failures="0" tests="15" name="testCases.TC02_Login" time="37.034" errors="0" timestamp="2026-01-05T17:22:18 EST" skipped="0">
  <testcase classname="testCases.TC02_Login" name="testLogin" time="2.745"/>
  <testcase classname="testCases.TC02_Login" name="testLogin" time="2.731"/>
  <testcase classname="testCases.TC02_Login" name="testLogin" time="1.345"/>
  <testcase classname="testCases.TC02_Login" name="testLogin" time="1.746"/>
  <testcase classname="testCases.TC02_Login" name="testLogin" time="3.346"/>
  <testcase classname="testCases.TC02_Login" name="testLogin" time="1.515"/>
  <testcase classname="testCases.TC02_Login" name="testLogin" time="3.272"/>
  <testcase classname="testCases.TC02_Login" name="testLogin" time="1.599"/>
  <testcase classname="testCases.TC02_Login" name="testLogin" time="2.714"/>
  <testcase classname="testCases.TC02_Login" name="testLogin" time="2.994"/>
  <testcase classname="testCases.TC02_Login" name="testLogin" time="1.595"/>
  <testcase classname="testCases.TC02_Login" name="testLogin" time="3.621"/>
  <testcase classname="testCases.TC02_Login" name="testLogin" time="2.385"/>
  <testcase classname="testCases.TC02_Login" name="testLogin" time="2.299"/>
  <testcase classname="testCases.TC02_Login" name="testLogin" time="3.127"/>
</testsuite> <!-- testCases.TC02_Login -->
