<?xml version="1.0" encoding="UTF-8"?>
<!-- Generated by org.testng.reporters.JUnitReportReporter -->
<testsuite hostname="Zainaya" failures="0" tests="3" name="testCases.TC01_LaunchApplication" time="0.219" errors="0" timestamp="2026-01-05T17:22:18 EST" skipped="0">
  <testcase classname="testCases.TC01_LaunchApplication" name="testLaunchApplication" time="0.108"/>
  <testcase classname="testCases.TC01_LaunchApplication" name="testLaunchApplication" time="0.012"/>
  <testcase classname="testCases.TC01_LaunchApplication" name="testLaunchApplication" time="0.099"/>
</testsuite> <!-- testCases.TC01_LaunchApplication -->
